
 RUN  v3.2.4 /home/birdman/RooKnowledge/Roo-Code-Knowledge/src

Â·Â·xxÂ·Â·xÂ·Â·

â¯â¯â¯â¯â¯â¯â¯ Failed Tests 3 â¯â¯â¯â¯â¯â¯â¯

 FAIL  services/code-index/__tests__/config-edge-cases.test.ts > CodeIndexConfigManager Edge Cases > should handle boundary values for search settings
AssertionError: expected undefined to be 1 // Object.is equality

[32m- Expected:[39m 
1

[31m+ Received:[39m 
undefined

 â¯ services/code-index/__tests__/config-edge-cases.test.ts:92:49
     90| 
     91|   expect(result.currentConfig.searchMinScore).toBe(0)
     92|   expect(result.currentConfig.searchMaxResults).toBe(1)
       |                                                 ^
     93|  })
     94| 

â¯â¯â¯â¯â¯â¯â¯â¯â¯â¯â¯â¯â¯â¯â¯â¯â¯â¯â¯â¯â¯â¯â¯â¯[1/3]â¯

 FAIL  services/code-index/__tests__/config-edge-cases.test.ts > CodeIndexConfigManager Edge Cases > should handle extreme boundary values for search settings
AssertionError: expected undefined to be 1000 // Object.is equality

[32m- Expected:[39m 
1000

[31m+ Received:[39m 
undefined

 â¯ services/code-index/__tests__/config-edge-cases.test.ts:112:49
    110| 
    111|   expect(result.currentConfig.searchMinScore).toBe(1.0)
    112|   expect(result.currentConfig.searchMaxResults).toBe(1000)
       |                                                 ^
    113|  })
    114| 

â¯â¯â¯â¯â¯â¯â¯â¯â¯â¯â¯â¯â¯â¯â¯â¯â¯â¯â¯â¯â¯â¯â¯â¯[2/3]â¯

 FAIL  services/code-index/__tests__/config-manager-validation.test.ts > CodeIndexConfigManager Validation > should reject invalid configuration and return previous snapshot
AssertionError: expected 'not-a-url' to be 'http://localhost:6333' // Object.is equality

Expected: [32m"http://localhost:6333"[39m
Received: [31m"not-a-url"[39m

 â¯ services/code-index/__tests__/config-manager-validation.test.ts:82:42
     80|   // And result.currentConfig should match snapshot because validationâ€¦
     81|   
     82|   expect(result.currentConfig.qdrantUrl).toBe("http://localhost:6333")â€¦
       |                                          ^
     83|   expect(vscode.window.showErrorMessage).toHaveBeenCalled()
     84|  })

â¯â¯â¯â¯â¯â¯â¯â¯â¯â¯â¯â¯â¯â¯â¯â¯â¯â¯â¯â¯â¯â¯â¯â¯[3/3]â¯


 Test Files  2 failed (2)
      Tests  3 failed | 6 passed (9)
   Start at  18:53:32
   Duration  724ms (transform 322ms, setup 80ms, collect 776ms, tests 31ms, environment 0ms, prepare 140ms)

