
 RUN  v3.2.4 /home/birdman/RooKnowledge/Roo-Code-Knowledge/src

Â·Â·Â·Â·Â·Â·xxÂ·

â¯â¯â¯â¯â¯â¯â¯ Failed Tests 2 â¯â¯â¯â¯â¯â¯â¯

 FAIL  services/code-index/__tests__/config-edge-cases.test.ts > CodeIndexConfigManager Edge Cases > should handle boundary values for search settings
AssertionError: expected undefined to be 1 // Object.is equality

[32m- Expected:[39m 
1

[31m+ Received:[39m 
undefined

 â¯ services/code-index/__tests__/config-edge-cases.test.ts:92:49
     90| 
     91|   expect(result.currentConfig.searchMinScore).toBe(0)
     92|   expect(result.currentConfig.searchMaxResults).toBe(1)
       |                                                 ^
     93|  })
     94| 

â¯â¯â¯â¯â¯â¯â¯â¯â¯â¯â¯â¯â¯â¯â¯â¯â¯â¯â¯â¯â¯â¯â¯â¯[1/2]â¯

 FAIL  services/code-index/__tests__/config-edge-cases.test.ts > CodeIndexConfigManager Edge Cases > should handle extreme boundary values for search settings
AssertionError: expected undefined to be 1000 // Object.is equality

[32m- Expected:[39m 
1000

[31m+ Received:[39m 
undefined

 â¯ services/code-index/__tests__/config-edge-cases.test.ts:112:49
    110| 
    111|   expect(result.currentConfig.searchMinScore).toBe(1.0)
    112|   expect(result.currentConfig.searchMaxResults).toBe(1000)
       |                                                 ^
    113|  })
    114| 

â¯â¯â¯â¯â¯â¯â¯â¯â¯â¯â¯â¯â¯â¯â¯â¯â¯â¯â¯â¯â¯â¯â¯â¯[2/2]â¯


 Test Files  1 failed | 1 passed (2)
      Tests  2 failed | 7 passed (9)
   Start at  18:54:31
   Duration  619ms (transform 257ms, setup 70ms, collect 647ms, tests 26ms, environment 0ms, prepare 116ms)

